# JRE version: OpenJDK Runtime Environment (8.0_202-b03) (build 1.8.0_202-release-1483-b03)
# Java VM: OpenJDK 64-Bit Server VM (25.202-b03 mixed mode windows-amd64 compressed oops)
Heap:
 PSYoungGen      total 255488K, used 97885K [0x00000000e0000000, 0x00000000f3d00000, 0x0000000100000000)
  eden space 186880K, 18% used [0x00000000e0000000,0x00000000e21e5760,0x00000000eb680000)
  from space 68608K, 92% used [0x00000000ef980000,0x00000000f3731ff8,0x00000000f3c80000)
  to   space 68608K, 0% used [0x00000000eb680000,0x00000000eb680000,0x00000000ef980000)
 ParOldGen       total 281600K, used 56577K [0x00000000a0000000, 0x00000000b1300000, 0x00000000e0000000)
  object space 281600K, 20% used [0x00000000a0000000,0x00000000a3740628,0x00000000b1300000)
 Metaspace       used 94343K, capacity 98070K, committed 100648K, reserved 1136640K
  class space    used 12051K, capacity 12829K, committed 13360K, reserved 1048576K
GC Heap History (10 events):
Event: 2874.409 GC heap before
{Heap before GC invocations=22 (full 3):
 PSYoungGen      total 218112K, used 148492K [0x00000000e0000000, 0x00000000f2900000, 0x0000000100000000)
  eden space 157696K, 58% used [0x00000000e0000000,0x00000000e5ac6bd0,0x00000000e9a00000)
  from space 60416K, 91% used [0x00000000edd00000,0x00000000f133c650,0x00000000f1800000)
  to   space 68608K, 0% used [0x00000000e9a00000,0x00000000e9a00000,0x00000000edd00000)
 ParOldGen       total 281600K, used 91744K [0x00000000a0000000, 0x00000000b1300000, 0x00000000e0000000)
  object space 281600K, 32% used [0x00000000a0000000,0x00000000a59982f8,0x00000000b1300000)
 Metaspace       used 93504K, capacity 98496K, committed 98600K, reserved 1134592K
  class space    used 12143K, capacity 13134K, committed 13232K, reserved 1048576K
Event: 2874.422 GC heap after
Heap after GC invocations=22 (full 3):
 PSYoungGen      total 226304K, used 38709K [0x00000000e0000000, 0x00000000f3c80000, 0x0000000100000000)
  eden space 157696K, 0% used [0x00000000e0000000,0x00000000e0000000,0x00000000e9a00000)
  from space 68608K, 56% used [0x00000000e9a00000,0x00000000ebfcd538,0x00000000edd00000)
  to   space 68608K, 0% used [0x00000000ef980000,0x00000000ef980000,0x00000000f3c80000)
 ParOldGen       total 281600K, used 96195K [0x00000000a0000000, 0x00000000b1300000, 0x00000000e0000000)
  object space 281600K, 34% used [0x00000000a0000000,0x00000000a5df0cb0,0x00000000b1300000)
 Metaspace       used 93504K, capacity 98496K, committed 98600K, reserved 1134592K
  class space    used 12143K, capacity 13134K, committed 13232K, reserved 1048576K
}
Event: 2874.422 GC heap before
{Heap before GC invocations=23 (full 4):
 PSYoungGen      total 226304K, used 38709K [0x00000000e0000000, 0x00000000f3c80000, 0x0000000100000000)
  eden space 157696K, 0% used [0x00000000e0000000,0x00000000e0000000,0x00000000e9a00000)
  from space 68608K, 56% used [0x00000000e9a00000,0x00000000ebfcd538,0x00000000edd00000)
  to   space 68608K, 0% used [0x00000000ef980000,0x00000000ef980000,0x00000000f3c80000)
 ParOldGen       total 281600K, used 96195K [0x00000000a0000000, 0x00000000b1300000, 0x00000000e0000000)
  object space 281600K, 34% used [0x00000000a0000000,0x00000000a5df0cb0,0x00000000b1300000)
 Metaspace       used 93504K, capacity 98496K, committed 98600K, reserved 1134592K
  class space    used 12143K, capacity 13134K, committed 13232K, reserved 1048576K
Event: 2874.570 GC heap after
Heap after GC invocations=23 (full 4):
 PSYoungGen      total 226304K, used 0K [0x00000000e0000000, 0x00000000f3c80000, 0x0000000100000000)
  eden space 157696K, 0% used [0x00000000e0000000,0x00000000e0000000,0x00000000e9a00000)
  from space 68608K, 0% used [0x00000000e9a00000,0x00000000e9a00000,0x00000000edd00000)
  to   space 68608K, 0% used [0x00000000ef980000,0x00000000ef980000,0x00000000f3c80000)
 ParOldGen       total 281600K, used 56553K [0x00000000a0000000, 0x00000000b1300000, 0x00000000e0000000)
  object space 281600K, 20% used [0x00000000a0000000,0x00000000a373a628,0x00000000b1300000)
 Metaspace       used 90997K, capacity 94014K, committed 98600K, reserved 1134592K
  class space    used 11622K, capacity 12277K, committed 13232K, reserved 1048576K
}
Event: 2875.266 GC heap before
{Heap before GC invocations=24 (full 4):
 PSYoungGen      total 226304K, used 156969K [0x00000000e0000000, 0x00000000f3c80000, 0x0000000100000000)
  eden space 157696K, 99% used [0x00000000e0000000,0x00000000e994a468,0x00000000e9a00000)
  from space 68608K, 0% used [0x00000000e9a00000,0x00000000e9a00000,0x00000000edd00000)
  to   space 68608K, 0% used [0x00000000ef980000,0x00000000ef980000,0x00000000f3c80000)
 ParOldGen       total 281600K, used 56553K [0x00000000a0000000, 0x00000000b1300000, 0x00000000e0000000)
  object space 281600K, 20% used [0x00000000a0000000,0x00000000a373a628,0x00000000b1300000)
 Metaspace       used 91987K, capacity 95170K, committed 98856K, reserved 1134592K
  class space    used 11762K, capacity 12455K, committed 13232K, reserved 1048576K
Event: 2875.269 GC heap after
Heap after GC invocations=24 (full 4):
 PSYoungGen      total 255488K, used 5366K [0x00000000e0000000, 0x00000000f3d00000, 0x0000000100000000)
  eden space 186880K, 0% used [0x00000000e0000000,0x00000000e0000000,0x00000000eb680000)
  from space 68608K, 7% used [0x00000000ef980000,0x00000000efebd8d0,0x00000000f3c80000)
  to   space 68608K, 0% used [0x00000000eb680000,0x00000000eb680000,0x00000000ef980000)
 ParOldGen       total 281600K, used 56561K [0x00000000a0000000, 0x00000000b1300000, 0x00000000e0000000)
  object space 281600K, 20% used [0x00000000a0000000,0x00000000a373c628,0x00000000b1300000)
 Metaspace       used 91987K, capacity 95170K, committed 98856K, reserved 1134592K
  class space    used 11762K, capacity 12455K, committed 13232K, reserved 1048576K
}
Event: 2921.189 GC heap before
{Heap before GC invocations=25 (full 4):
 PSYoungGen      total 255488K, used 192246K [0x00000000e0000000, 0x00000000f3d00000, 0x0000000100000000)
  eden space 186880K, 100% used [0x00000000e0000000,0x00000000eb680000,0x00000000eb680000)
  from space 68608K, 7% used [0x00000000ef980000,0x00000000efebd8d0,0x00000000f3c80000)
  to   space 68608K, 0% used [0x00000000eb680000,0x00000000eb680000,0x00000000ef980000)
 ParOldGen       total 281600K, used 56561K [0x00000000a0000000, 0x00000000b1300000, 0x00000000e0000000)
  object space 281600K, 20% used [0x00000000a0000000,0x00000000a373c628,0x00000000b1300000)
 Metaspace       used 93564K, capacity 97290K, committed 99880K, reserved 1136640K
  class space    used 11985K, capacity 12763K, committed 13360K, reserved 1048576K
Event: 2921.195 GC heap after
Heap after GC invocations=25 (full 4):
 PSYoungGen      total 255488K, used 12672K [0x00000000e0000000, 0x00000000f3d00000, 0x0000000100000000)
  eden space 186880K, 0% used [0x00000000e0000000,0x00000000e0000000,0x00000000eb680000)
  from space 68608K, 18% used [0x00000000eb680000,0x00000000ec2e03c0,0x00000000ef980000)
  to   space 68608K, 0% used [0x00000000ef980000,0x00000000ef980000,0x00000000f3c80000)
 ParOldGen       total 281600K, used 56569K [0x00000000a0000000, 0x00000000b1300000, 0x00000000e0000000)
  object space 281600K, 20% used [0x00000000a0000000,0x00000000a373e628,0x00000000b1300000)
 Metaspace       used 93564K, capacity 97290K, committed 99880K, reserved 1136640K
  class space    used 11985K, capacity 12763K, committed 13360K, reserved 1048576K
}
Event: 2921.760 GC heap before
{Heap before GC invocations=26 (full 4):
 PSYoungGen      total 255488K, used 199552K [0x00000000e0000000, 0x00000000f3d00000, 0x0000000100000000)
  eden space 186880K, 100% used [0x00000000e0000000,0x00000000eb680000,0x00000000eb680000)
  from space 68608K, 18% used [0x00000000eb680000,0x00000000ec2e03c0,0x00000000ef980000)
  to   space 68608K, 0% used [0x00000000ef980000,0x00000000ef980000,0x00000000f3c80000)
 ParOldGen       total 281600K, used 56569K [0x00000000a0000000, 0x00000000b1300000, 0x00000000e0000000)
  object space 281600K, 20% used [0x00000000a0000000,0x00000000a373e628,0x00000000b1300000)
 Metaspace       used 94214K, capacity 97942K, committed 100392K, reserved 1136640K
  class space    used 12051K, capacity 12829K, committed 13360K, reserved 1048576K
Event: 2921.782 GC heap after
Heap after GC invocations=26 (full 4):
 PSYoungGen      total 255488K, used 63175K [0x00000000e0000000, 0x00000000f3d00000, 0x0000000100000000)
  eden space 186880K, 0% used [0x00000000e0000000,0x00000000e0000000,0x00000000eb680000)
  from space 68608K, 92% used [0x00000000ef980000,0x00000000f3731ff8,0x00000000f3c80000)
  to   space 68608K, 0% used [0x00000000eb680000,0x00000000eb680000,0x00000000ef980000)
 ParOldGen       total 281600K, used 56577K [0x00000000a0000000, 0x00000000b1300000, 0x00000000e0000000)
  object space 281600K, 20% used [0x00000000a0000000,0x00000000a3740628,0x00000000b1300000)
 Metaspace       used 94214K, capacity 97942K, committed 100392K, reserved 1136640K
  class space    used 12051K, capacity 12829K, committed 13360K, reserved 1048576K
}

